2017-12-28 08:20:29,474 INFO o.m.m.s.Simulator [main] Running simulation.
2017-12-28 08:21:15,274 INFO o.m.m.s.Simulator [main] Running simulation.
2017-12-28 08:21:15,780 INFO o.h.j.i.u.LogHelper [main] HHH000204: Processing PersistenceUnitInfo [
	name: mercadoPU
	...]
2017-12-28 08:21:16,068 INFO o.h.Version [main] HHH000412: Hibernate Core {5.2.12.Final}
2017-12-28 08:21:16,072 INFO o.h.c.Environment [main] HHH000206: hibernate.properties not found
2017-12-28 08:21:16,266 INFO o.h.a.c.Version [main] HCANN000001: Hibernate Commons Annotations {5.0.1.Final}
2017-12-28 08:21:16,503 WARN o.h.o.c.pooling [main] HHH10001002: Using Hibernate built-in connection pool (not for production use!)
2017-12-28 08:21:16,523 INFO o.h.o.c.pooling [main] HHH10001005: using driver [com.mysql.cj.jdbc.Driver] at URL [jdbc:mysql://localhost/mercado]
2017-12-28 08:21:16,523 INFO o.h.o.c.pooling [main] HHH10001001: Connection properties: {user=mercado, password=****}
2017-12-28 08:21:16,523 INFO o.h.o.c.pooling [main] HHH10001003: Autocommit mode: false
2017-12-28 08:21:16,525 INFO o.h.e.j.c.i.DriverManagerConnectionProviderImpl [main] HHH000115: Hibernate connection pool size: 20 (min=1)
2017-12-28 08:22:11,108 INFO o.m.m.s.Simulator [main] Running simulation.
2017-12-28 08:22:11,213 INFO o.h.j.i.u.LogHelper [main] HHH000204: Processing PersistenceUnitInfo [
	name: mercadoPU
	...]
2017-12-28 08:22:11,269 INFO o.h.Version [main] HHH000412: Hibernate Core {5.2.12.Final}
2017-12-28 08:22:11,271 INFO o.h.c.Environment [main] HHH000206: hibernate.properties not found
2017-12-28 08:22:11,300 INFO o.h.a.c.Version [main] HCANN000001: Hibernate Commons Annotations {5.0.1.Final}
2017-12-28 08:22:11,394 WARN o.h.o.c.pooling [main] HHH10001002: Using Hibernate built-in connection pool (not for production use!)
2017-12-28 08:22:11,397 INFO o.h.o.c.pooling [main] HHH10001005: using driver [com.mysql.cj.jdbc.Driver] at URL [jdbc:mysql://localhost/mercado]
2017-12-28 08:22:11,397 INFO o.h.o.c.pooling [main] HHH10001001: Connection properties: {user=mercado, password=****}
2017-12-28 08:22:11,397 INFO o.h.o.c.pooling [main] HHH10001003: Autocommit mode: false
2017-12-28 08:22:11,399 INFO o.h.e.j.c.i.DriverManagerConnectionProviderImpl [main] HHH000115: Hibernate connection pool size: 20 (min=1)
2017-12-28 08:22:11,920 INFO o.h.d.Dialect [main] HHH000400: Using dialect: org.hibernate.dialect.MySQL5InnoDBDialect
2017-12-28 08:22:12,709 INFO o.h.o.c.access [main] HHH10001501: Connection obtained from JdbcConnectionAccess [org.hibernate.engine.jdbc.env.internal.JdbcEnvironmentInitiator$ConnectionProviderJdbcConnectionAccess@28a2a3e7] for (non-JTA) DDL execution was not in auto-commit mode; the Connection 'local transaction' will be committed and the Connection will be set into auto-commit mode.
2017-12-28 08:22:12,931 INFO o.h.h.i.QueryTranslatorFactoryInitiator [pool-2-thread-1] HHH000397: Using ASTQueryTranslatorFactory
2017-12-28 08:23:51,769 INFO o.m.m.s.Simulator [main] Running simulation.
2017-12-28 08:23:51,896 INFO o.h.j.i.u.LogHelper [main] HHH000204: Processing PersistenceUnitInfo [
	name: mercadoPU
	...]
2017-12-28 08:23:51,965 INFO o.h.Version [main] HHH000412: Hibernate Core {5.2.12.Final}
2017-12-28 08:23:51,966 INFO o.h.c.Environment [main] HHH000206: hibernate.properties not found
2017-12-28 08:23:52,006 INFO o.h.a.c.Version [main] HCANN000001: Hibernate Commons Annotations {5.0.1.Final}
2017-12-28 08:23:52,124 WARN o.h.o.c.pooling [main] HHH10001002: Using Hibernate built-in connection pool (not for production use!)
2017-12-28 08:23:52,126 INFO o.h.o.c.pooling [main] HHH10001005: using driver [com.mysql.cj.jdbc.Driver] at URL [jdbc:mysql://localhost/mercado]
2017-12-28 08:23:52,127 INFO o.h.o.c.pooling [main] HHH10001001: Connection properties: {user=mercado, password=****}
2017-12-28 08:23:52,127 INFO o.h.o.c.pooling [main] HHH10001003: Autocommit mode: false
2017-12-28 08:23:52,129 INFO o.h.e.j.c.i.DriverManagerConnectionProviderImpl [main] HHH000115: Hibernate connection pool size: 20 (min=1)
2017-12-28 08:23:52,355 INFO o.h.d.Dialect [main] HHH000400: Using dialect: org.hibernate.dialect.MySQL5InnoDBDialect
2017-12-28 08:23:52,830 INFO o.h.o.c.access [main] HHH10001501: Connection obtained from JdbcConnectionAccess [org.hibernate.engine.jdbc.env.internal.JdbcEnvironmentInitiator$ConnectionProviderJdbcConnectionAccess@28a2a3e7] for (non-JTA) DDL execution was not in auto-commit mode; the Connection 'local transaction' will be committed and the Connection will be set into auto-commit mode.
2017-12-28 08:23:52,974 INFO o.h.o.c.pooling [main] HHH10001008: Cleaning up connection pool [jdbc:mysql://localhost/mercado]
2017-12-28 08:24:29,571 INFO o.m.m.s.Simulator [main] Running simulation.
2017-12-28 08:24:29,701 INFO o.h.j.i.u.LogHelper [main] HHH000204: Processing PersistenceUnitInfo [
	name: mercadoPU
	...]
2017-12-28 08:24:29,771 INFO o.h.Version [main] HHH000412: Hibernate Core {5.2.12.Final}
2017-12-28 08:24:29,772 INFO o.h.c.Environment [main] HHH000206: hibernate.properties not found
2017-12-28 08:24:29,811 INFO o.h.a.c.Version [main] HCANN000001: Hibernate Commons Annotations {5.0.1.Final}
2017-12-28 08:24:29,936 WARN o.h.o.c.pooling [main] HHH10001002: Using Hibernate built-in connection pool (not for production use!)
2017-12-28 08:24:29,939 INFO o.h.o.c.pooling [main] HHH10001005: using driver [com.mysql.cj.jdbc.Driver] at URL [jdbc:mysql://localhost/mercado]
2017-12-28 08:24:29,939 INFO o.h.o.c.pooling [main] HHH10001001: Connection properties: {user=mercado, password=****}
2017-12-28 08:24:29,939 INFO o.h.o.c.pooling [main] HHH10001003: Autocommit mode: false
2017-12-28 08:24:29,941 INFO o.h.e.j.c.i.DriverManagerConnectionProviderImpl [main] HHH000115: Hibernate connection pool size: 20 (min=1)
2017-12-28 08:24:30,165 INFO o.h.d.Dialect [main] HHH000400: Using dialect: org.hibernate.dialect.MySQL5InnoDBDialect
2017-12-28 08:24:30,645 INFO o.h.o.c.access [main] HHH10001501: Connection obtained from JdbcConnectionAccess [org.hibernate.engine.jdbc.env.internal.JdbcEnvironmentInitiator$ConnectionProviderJdbcConnectionAccess@28a2a3e7] for (non-JTA) DDL execution was not in auto-commit mode; the Connection 'local transaction' will be committed and the Connection will be set into auto-commit mode.
2017-12-28 08:24:30,813 INFO o.h.h.i.QueryTranslatorFactoryInitiator [pool-6-thread-1] HHH000397: Using ASTQueryTranslatorFactory
2017-12-28 09:50:32,975 INFO o.m.m.s.Simulator [main] Running simulation.
2017-12-28 09:50:33,077 INFO o.h.j.i.u.LogHelper [main] HHH000204: Processing PersistenceUnitInfo [
	name: mercadoPU
	...]
2017-12-28 09:50:33,132 INFO o.h.Version [main] HHH000412: Hibernate Core {5.2.12.Final}
2017-12-28 09:50:33,133 INFO o.h.c.Environment [main] HHH000206: hibernate.properties not found
2017-12-28 09:50:33,161 INFO o.h.a.c.Version [main] HCANN000001: Hibernate Commons Annotations {5.0.1.Final}
2017-12-28 09:50:33,253 WARN o.h.o.c.pooling [main] HHH10001002: Using Hibernate built-in connection pool (not for production use!)
2017-12-28 09:50:33,256 INFO o.h.o.c.pooling [main] HHH10001005: using driver [com.mysql.cj.jdbc.Driver] at URL [jdbc:mysql://localhost/mercado]
2017-12-28 09:50:33,256 INFO o.h.o.c.pooling [main] HHH10001001: Connection properties: {user=mercado, password=****}
2017-12-28 09:50:33,256 INFO o.h.o.c.pooling [main] HHH10001003: Autocommit mode: false
2017-12-28 09:50:33,258 INFO o.h.e.j.c.i.DriverManagerConnectionProviderImpl [main] HHH000115: Hibernate connection pool size: 20 (min=1)
2017-12-28 09:50:33,476 INFO o.h.d.Dialect [main] HHH000400: Using dialect: org.hibernate.dialect.MySQL5InnoDBDialect
2017-12-28 09:50:33,913 INFO o.h.o.c.access [main] HHH10001501: Connection obtained from JdbcConnectionAccess [org.hibernate.engine.jdbc.env.internal.JdbcEnvironmentInitiator$ConnectionProviderJdbcConnectionAccess@28a2a3e7] for (non-JTA) DDL execution was not in auto-commit mode; the Connection 'local transaction' will be committed and the Connection will be set into auto-commit mode.
2017-12-28 09:50:34,049 INFO o.h.h.i.QueryTranslatorFactoryInitiator [pool-2-thread-1] HHH000397: Using ASTQueryTranslatorFactory
2017-12-28 09:51:20,472 INFO o.m.m.s.Simulator [main] Simulation finished.
2017-12-28 09:51:20,472 INFO o.h.o.c.pooling [main] HHH10001008: Cleaning up connection pool [jdbc:mysql://localhost/mercado]
2017-12-28 09:52:43,397 INFO o.m.m.s.Simulator [main] Running simulation.
2017-12-28 09:52:43,522 INFO o.h.j.i.u.LogHelper [main] HHH000204: Processing PersistenceUnitInfo [
	name: mercadoPU
	...]
2017-12-28 09:52:43,588 INFO o.h.Version [main] HHH000412: Hibernate Core {5.2.12.Final}
2017-12-28 09:52:43,589 INFO o.h.c.Environment [main] HHH000206: hibernate.properties not found
2017-12-28 09:52:43,630 INFO o.h.a.c.Version [main] HCANN000001: Hibernate Commons Annotations {5.0.1.Final}
2017-12-28 09:52:43,764 WARN o.h.o.c.pooling [main] HHH10001002: Using Hibernate built-in connection pool (not for production use!)
2017-12-28 09:52:43,769 INFO o.h.o.c.pooling [main] HHH10001005: using driver [com.mysql.cj.jdbc.Driver] at URL [jdbc:mysql://localhost/mercado]
2017-12-28 09:52:43,769 INFO o.h.o.c.pooling [main] HHH10001001: Connection properties: {user=mercado, password=****}
2017-12-28 09:52:43,770 INFO o.h.o.c.pooling [main] HHH10001003: Autocommit mode: false
2017-12-28 09:52:43,772 INFO o.h.e.j.c.i.DriverManagerConnectionProviderImpl [main] HHH000115: Hibernate connection pool size: 20 (min=1)
2017-12-28 09:52:44,010 INFO o.h.d.Dialect [main] HHH000400: Using dialect: org.hibernate.dialect.MySQL5InnoDBDialect
2017-12-28 09:52:44,471 INFO o.h.o.c.access [main] HHH10001501: Connection obtained from JdbcConnectionAccess [org.hibernate.engine.jdbc.env.internal.JdbcEnvironmentInitiator$ConnectionProviderJdbcConnectionAccess@28a2a3e7] for (non-JTA) DDL execution was not in auto-commit mode; the Connection 'local transaction' will be committed and the Connection will be set into auto-commit mode.
2017-12-28 09:52:45,579 INFO o.m.m.s.Simulator [main] Simulation finished.
2017-12-28 09:52:45,580 INFO o.h.o.c.pooling [main] HHH10001008: Cleaning up connection pool [jdbc:mysql://localhost/mercado]
2017-12-28 09:55:46,478 INFO o.m.m.s.Simulator [main] Running simulation.
2017-12-28 09:55:46,575 INFO o.h.j.i.u.LogHelper [main] HHH000204: Processing PersistenceUnitInfo [
	name: mercadoPU
	...]
2017-12-28 09:55:46,632 INFO o.h.Version [main] HHH000412: Hibernate Core {5.2.12.Final}
2017-12-28 09:55:46,633 INFO o.h.c.Environment [main] HHH000206: hibernate.properties not found
2017-12-28 09:55:46,661 INFO o.h.a.c.Version [main] HCANN000001: Hibernate Commons Annotations {5.0.1.Final}
2017-12-28 09:55:46,758 WARN o.h.o.c.pooling [main] HHH10001002: Using Hibernate built-in connection pool (not for production use!)
2017-12-28 09:55:46,761 INFO o.h.o.c.pooling [main] HHH10001005: using driver [com.mysql.cj.jdbc.Driver] at URL [jdbc:mysql://localhost/mercado]
2017-12-28 09:55:46,761 INFO o.h.o.c.pooling [main] HHH10001001: Connection properties: {user=mercado, password=****}
2017-12-28 09:55:46,762 INFO o.h.o.c.pooling [main] HHH10001003: Autocommit mode: false
2017-12-28 09:55:46,763 INFO o.h.e.j.c.i.DriverManagerConnectionProviderImpl [main] HHH000115: Hibernate connection pool size: 20 (min=1)
2017-12-28 09:55:46,976 INFO o.h.d.Dialect [main] HHH000400: Using dialect: org.hibernate.dialect.MySQL5InnoDBDialect
2017-12-28 09:55:47,422 INFO o.h.o.c.access [main] HHH10001501: Connection obtained from JdbcConnectionAccess [org.hibernate.engine.jdbc.env.internal.JdbcEnvironmentInitiator$ConnectionProviderJdbcConnectionAccess@28a2a3e7] for (non-JTA) DDL execution was not in auto-commit mode; the Connection 'local transaction' will be committed and the Connection will be set into auto-commit mode.
2017-12-28 09:55:48,205 INFO o.m.m.s.Simulator [main] Simulation finished.
2017-12-28 09:55:48,205 INFO o.h.o.c.pooling [main] HHH10001008: Cleaning up connection pool [jdbc:mysql://localhost/mercado]
2017-12-28 10:15:34,389 INFO o.m.m.s.Simulator [main] Running simulation.
2017-12-28 10:15:34,496 INFO o.h.j.i.u.LogHelper [main] HHH000204: Processing PersistenceUnitInfo [
	name: mercadoPU
	...]
2017-12-28 10:15:34,546 INFO o.h.Version [main] HHH000412: Hibernate Core {5.2.12.Final}
2017-12-28 10:15:34,547 INFO o.h.c.Environment [main] HHH000206: hibernate.properties not found
2017-12-28 10:15:34,577 INFO o.h.a.c.Version [main] HCANN000001: Hibernate Commons Annotations {5.0.1.Final}
2017-12-28 10:15:34,665 WARN o.h.o.c.pooling [main] HHH10001002: Using Hibernate built-in connection pool (not for production use!)
2017-12-28 10:15:34,668 INFO o.h.o.c.pooling [main] HHH10001005: using driver [com.mysql.cj.jdbc.Driver] at URL [jdbc:mysql://localhost/mercado]
2017-12-28 10:15:34,668 INFO o.h.o.c.pooling [main] HHH10001001: Connection properties: {user=mercado, password=****}
2017-12-28 10:15:34,669 INFO o.h.o.c.pooling [main] HHH10001003: Autocommit mode: false
2017-12-28 10:15:34,670 INFO o.h.e.j.c.i.DriverManagerConnectionProviderImpl [main] HHH000115: Hibernate connection pool size: 20 (min=1)
2017-12-28 10:15:34,890 INFO o.h.d.Dialect [main] HHH000400: Using dialect: org.hibernate.dialect.MySQL5InnoDBDialect
2017-12-28 10:15:35,349 INFO o.h.o.c.access [main] HHH10001501: Connection obtained from JdbcConnectionAccess [org.hibernate.engine.jdbc.env.internal.JdbcEnvironmentInitiator$ConnectionProviderJdbcConnectionAccess@28a2a3e7] for (non-JTA) DDL execution was not in auto-commit mode; the Connection 'local transaction' will be committed and the Connection will be set into auto-commit mode.
2017-12-28 10:15:36,137 INFO o.m.m.s.Simulator [main] Simulation finished.
2017-12-28 10:15:36,138 INFO o.h.o.c.pooling [main] HHH10001008: Cleaning up connection pool [jdbc:mysql://localhost/mercado]
